This job can be monitored from: https://job.c3se.chalmers.se/alvis/3204503
Validating 247192 image pairs...
Found 247192 valid pairs
Validating 52872 image pairs...
Found 52872 valid pairs
Validating 52152 image pairs...
Found 52152 valid pairs

Epoch 1/15
Train Loss: 0.1812 Train Acc: 0.7810
Val Loss: 0.2635 Val Acc: 0.6690

Epoch 2/15
Train Loss: 0.0414 Train Acc: 0.8199
Val Loss: 0.2323 Val Acc: 0.6559

Epoch 3/15
Train Loss: 0.0135 Train Acc: 0.7986
Val Loss: 0.2451 Val Acc: 0.6459

Epoch 4/15
Train Loss: 0.0078 Train Acc: 0.7918
Val Loss: 0.2547 Val Acc: 0.6432

Epoch 5/15
