This job can be monitored from: https://job.c3se.chalmers.se/alvis/3122771

Epoch 1/15
Train Loss: 0.5316, Train Accuracy: 0.5023
Val Loss: 0.6925, Val Accuracy: 0.5295
Learning Rate: 0.000004

Epoch 2/15
Train Loss: 0.5144, Train Accuracy: 0.5122
Val Loss: 0.7052, Val Accuracy: 0.5640
Learning Rate: 0.000004

Epoch 3/15
Train Loss: 0.4650, Train Accuracy: 0.5709
Val Loss: 0.7367, Val Accuracy: 0.6172
Learning Rate: 0.000004

Epoch 4/15
Train Loss: 0.4253, Train Accuracy: 0.6258
Val Loss: 0.7529, Val Accuracy: 0.6362
Learning Rate: 0.000004

Epoch 5/15
Train Loss: 0.3904, Train Accuracy: 0.6670
Val Loss: 0.7651, Val Accuracy: 0.6331
Learning Rate: 0.000004

Epoch 6/15
Train Loss: 0.3663, Train Accuracy: 0.6914
Val Loss: 0.7860, Val Accuracy: 0.6275
Learning Rate: 0.000004

Early stopping triggered after 6 epochs

Test Accuracy: 0.5173
ROC AUC: 0.5339
Average Precision: 0.5173
