This job can be monitored from: https://job.c3se.chalmers.se/alvis/3042056
Using device: cuda
PyTorch version: 2.1.2
Loaded 223286 pairs

Kinship distribution:
1    111643
0    111643
Name: count, dtype: int64
Loaded 50828 pairs

Kinship distribution:
1    25414
0    25414
Name: count, dtype: int64
Loaded 94476 pairs

Kinship distribution:
1    47238
0    47238
Name: count, dtype: int64
Epoch 1/10:   0%|          | 0/6978 [00:00<?, ?it/s]
Validation:   0%|          | 0/1589 [00:00<?, ?it/s]

Epoch 1/10
Train Loss: 1.6692 | Train Acc: 13.94%
Val Loss: 0.8607 | Val Acc: 61.21%
Val Precision: 0.6044
Val Recall: 0.6491
Val F1: 0.6259
Epoch 2/10:   0%|          | 0/6978 [00:00<?, ?it/s]
Validation:   0%|          | 0/1589 [00:00<?, ?it/s]

Epoch 2/10
Train Loss: 1.4891 | Train Acc: 28.43%
Val Loss: 0.8242 | Val Acc: 63.37%
Val Precision: 0.6364
Val Recall: 0.6237
Val F1: 0.6300
Epoch 3/10:   0%|          | 0/6978 [00:00<?, ?it/s]
Validation:   0%|          | 0/1589 [00:00<?, ?it/s]

Epoch 3/10
Train Loss: 1.2505 | Train Acc: 38.20%
Val Loss: 0.7186 | Val Acc: 62.03%
Val Precision: 0.6217
Val Recall: 0.6146
Val F1: 0.6181
Epoch 4/10:   0%|          | 0/6978 [00:00<?, ?it/s]
Validation:   0%|          | 0/1589 [00:00<?, ?it/s]

Epoch 4/10
Train Loss: 0.9680 | Train Acc: 46.24%
Val Loss: 0.7151 | Val Acc: 61.69%
Val Precision: 0.6211
Val Recall: 0.5994
Val F1: 0.6101
Epoch 5/10:   0%|          | 0/6978 [00:00<?, ?it/s]
Validation:   0%|          | 0/1589 [00:00<?, ?it/s]

Epoch 5/10
Train Loss: 0.8587 | Train Acc: 55.62%
Val Loss: 0.7818 | Val Acc: 59.39%
Val Precision: 0.6336
Val Recall: 0.4452
Val F1: 0.5230
Epoch 6/10:   0%|          | 0/6978 [00:00<?, ?it/s]
Validation:   0%|          | 0/1589 [00:00<?, ?it/s]

Epoch 6/10
Train Loss: 0.7983 | Train Acc: 61.46%
Val Loss: 0.8354 | Val Acc: 59.12%
Val Precision: 0.6206
Val Recall: 0.4690
Val F1: 0.5343
Epoch 7/10:   0%|          | 0/6978 [00:00<?, ?it/s]
Validation:   0%|          | 0/1589 [00:00<?, ?it/s]

Epoch 7/10
Train Loss: 0.7456 | Train Acc: 65.65%
Val Loss: 0.9238 | Val Acc: 57.99%
Val Precision: 0.5993
Val Recall: 0.4819
Val F1: 0.5342
Epoch 8/10:   0%|          | 0/6978 [00:00<?, ?it/s]
Validation:   0%|          | 0/1589 [00:00<?, ?it/s]

Epoch 8/10
Train Loss: 0.6996 | Train Acc: 68.86%
Val Loss: 0.9081 | Val Acc: 59.07%
Val Precision: 0.6011
Val Recall: 0.5395
Val F1: 0.5686
Epoch 9/10:   0%|          | 0/6978 [00:00<?, ?it/s]
Validation:   0%|          | 0/1589 [00:00<?, ?it/s]

Epoch 9/10
Train Loss: 0.6560 | Train Acc: 71.75%
Val Loss: 0.8962 | Val Acc: 58.81%
Val Precision: 0.5952
Val Recall: 0.5507
Val F1: 0.5721
Epoch 10/10:   0%|          | 0/6978 [00:00<?, ?it/s]
Validation:   0%|          | 0/1589 [00:00<?, ?it/s]

Epoch 10/10
Train Loss: 0.6249 | Train Acc: 73.98%
Val Loss: 1.1372 | Val Acc: 54.05%
Val Precision: 0.5761
Val Recall: 0.3066
Val F1: 0.4002

Evaluating final model...
Validation:   0%|          | 0/2953 [00:00<?, ?it/s]

Final Test Metrics:
val_loss: 1.2019
val_acc: 51.7571
val_precision: 0.5350
val_recall: 0.2686
val_f1: 0.3577
