This job can be monitored from: https://job.c3se.chalmers.se/alvis/3022920
Using device: cuda
PyTorch version: 2.1.2
Loaded 258010 pairs

Kinship distribution:
1    129005
0    129005
Name: count, dtype: int64
Loaded 55290 pairs

Kinship distribution:
1    27645
0    27645
Name: count, dtype: int64
Loaded 55290 pairs

Kinship distribution:
1    27645
0    27645
Name: count, dtype: int64

Train dataset size: 258010
Validation dataset size: 55290
Test dataset size: 55290

Loading batches from train_loader:
Loading train batches:   0%|          | 0/8063 [00:00<?, ?it/s]

Loading batches from val_loader:
Loading validation batches:   0%|          | 0/1728 [00:00<?, ?it/s]

Loading batches from test_loader:
Loading test batches:   0%|          | 0/1728 [00:00<?, ?it/s]

Batch contents:
anchor: shape torch.Size([32, 3, 112, 112]), dtype torch.float32
other: shape torch.Size([32, 3, 112, 112]), dtype torch.float32
is_related: shape torch.Size([32]), dtype torch.float32
Loaded 258010 pairs

Kinship distribution:
1    129005
0    129005
Name: count, dtype: int64
Loaded 55290 pairs

Kinship distribution:
1    27645
0    27645
Name: count, dtype: int64
Loaded 55290 pairs

Kinship distribution:
1    27645
0    27645
Name: count, dtype: int64
Resuming training from epoch 12

Epoch 13/25
Training:   0%|          | 0/8063 [00:00<?, ?it/s]
Validation:   0%|          | 0/1728 [00:00<?, ?it/s]
Train Loss: 0.1106
Val Loss: 0.1163

Epoch 14/25
Training:   0%|          | 0/8063 [00:00<?, ?it/s]
Validation:   0%|          | 0/1728 [00:00<?, ?it/s]
Train Loss: 0.1038
Val Loss: 0.1108

Epoch 15/25
Training:   0%|          | 0/8063 [00:00<?, ?it/s]
Validation:   0%|          | 0/1728 [00:00<?, ?it/s]
Train Loss: 0.0975
Val Loss: 0.1072

Epoch 16/25
Training:   0%|          | 0/8063 [00:00<?, ?it/s]
Validation:   0%|          | 0/1728 [00:00<?, ?it/s]
Train Loss: 0.0908
Val Loss: 0.1005

Epoch 17/25
Training:   0%|          | 0/8063 [00:00<?, ?it/s]
Validation:   0%|          | 0/1728 [00:00<?, ?it/s]
Train Loss: 0.0861
Val Loss: 0.1018

Epoch 18/25
Training:   0%|          | 0/8063 [00:00<?, ?it/s]
Validation:   0%|          | 0/1728 [00:00<?, ?it/s]
Train Loss: 0.0807
Val Loss: 0.0994

Epoch 19/25
Training:   0%|          | 0/8063 [00:00<?, ?it/s]
Validation:   0%|          | 0/1728 [00:00<?, ?it/s]
Train Loss: 0.0769
Val Loss: 0.0956

Epoch 20/25
Training:   0%|          | 0/8063 [00:00<?, ?it/s]
Validation:   0%|          | 0/1728 [00:00<?, ?it/s]
Train Loss: 0.0735
Val Loss: 0.0965

Epoch 21/25
Training:   0%|          | 0/8063 [00:00<?, ?it/s]
Validation:   0%|          | 0/1728 [00:00<?, ?it/s]
Train Loss: 0.0694
Val Loss: 0.0902

Epoch 22/25
Training:   0%|          | 0/8063 [00:00<?, ?it/s]
Validation:   0%|          | 0/1728 [00:00<?, ?it/s]
Train Loss: 0.0648
Val Loss: 0.0903

Epoch 23/25
Training:   0%|          | 0/8063 [00:00<?, ?it/s]
Validation:   0%|          | 0/1728 [00:00<?, ?it/s]
Train Loss: 0.0622
Val Loss: 0.0942

Epoch 24/25
Training:   0%|          | 0/8063 [00:00<?, ?it/s]
Validation:   0%|          | 0/1728 [00:00<?, ?it/s]
Train Loss: 0.0600
Val Loss: 0.0856

Epoch 25/25
Training:   0%|          | 0/8063 [00:00<?, ?it/s]
Validation:   0%|          | 0/1728 [00:00<?, ?it/s]
Train Loss: 0.0565
Val Loss: 0.0874
Training completed!
