This job can be monitored from: https://job.c3se.chalmers.se/alvis/3064801
Using device: cuda
Creating train dataset...
Dataset statistics - Mean: [0.49684819 0.38204407 0.33240583], Std: [0.30901513 0.26008384 0.24445895]
Loaded 223286 pairs

Kinship distribution:
1    111643
0    111643
Name: count, dtype: int64
Creating validation dataset...
Dataset statistics - Mean: [0.49684819 0.38204407 0.33240583], Std: [0.30901513 0.26008384 0.24445895]
Loaded 50828 pairs

Kinship distribution:
1    25414
0    25414
Name: count, dtype: int64
Creating test dataset...
Dataset statistics - Mean: [0.49684819 0.38204407 0.33240583], Std: [0.30901513 0.26008384 0.24445895]
Loaded 94476 pairs

Kinship distribution:
1    47238
0    47238
Name: count, dtype: int64

Epoch 1/25
Training Loss: 0.9951, Training Accuracy: 0.6800
Validation Loss: 0.8795, Validation Accuracy: 0.6767
Train Loss: 0.9951, Train Accuracy: 0.6800
Val Loss: 0.8795, Val Accuracy: 0.6767
Learning Rate: 0.000004

Epoch 2/25
Training Loss: 0.9042, Training Accuracy: 0.7418
Validation Loss: 0.8427, Validation Accuracy: 0.7060
Train Loss: 0.9042, Train Accuracy: 0.7418
Val Loss: 0.8427, Val Accuracy: 0.7060
Learning Rate: 0.000004

Epoch 3/25
Training Loss: 0.8351, Training Accuracy: 0.7899
Validation Loss: 0.8038, Validation Accuracy: 0.7338
Train Loss: 0.8351, Train Accuracy: 0.7899
Val Loss: 0.8038, Val Accuracy: 0.7338
Learning Rate: 0.000004

Epoch 4/25
Training Loss: 0.7828, Training Accuracy: 0.8217
Validation Loss: 0.7883, Validation Accuracy: 0.7437
Train Loss: 0.7828, Train Accuracy: 0.8217
Val Loss: 0.7883, Val Accuracy: 0.7437
Learning Rate: 0.000004

Epoch 5/25
Training Loss: 0.7497, Training Accuracy: 0.8392
Validation Loss: 0.7828, Validation Accuracy: 0.7478
Train Loss: 0.7497, Train Accuracy: 0.8392
Val Loss: 0.7828, Val Accuracy: 0.7478
Learning Rate: 0.000004

Epoch 6/25
Training Loss: 0.7296, Training Accuracy: 0.8501
Validation Loss: 0.7869, Validation Accuracy: 0.7496
Train Loss: 0.7296, Train Accuracy: 0.8501
Val Loss: 0.7869, Val Accuracy: 0.7496
Learning Rate: 0.000004

Epoch 7/25
Training Loss: 0.7150, Training Accuracy: 0.8575
Validation Loss: 0.7947, Validation Accuracy: 0.7438
Train Loss: 0.7150, Train Accuracy: 0.8575
Val Loss: 0.7947, Val Accuracy: 0.7438
Learning Rate: 0.000004

Epoch 8/25
Training Loss: 0.7016, Training Accuracy: 0.8638
Validation Loss: 0.8043, Validation Accuracy: 0.7441
Train Loss: 0.7016, Train Accuracy: 0.8638
Val Loss: 0.8043, Val Accuracy: 0.7441
Learning Rate: 0.000004

Epoch 9/25
Training Loss: 0.6911, Training Accuracy: 0.8704
Validation Loss: 0.8087, Validation Accuracy: 0.7392
Train Loss: 0.6911, Train Accuracy: 0.8704
Val Loss: 0.8087, Val Accuracy: 0.7392
Learning Rate: 0.000004

Epoch 10/25
Training Loss: 0.6811, Training Accuracy: 0.8743
Validation Loss: 0.8107, Validation Accuracy: 0.7415
Train Loss: 0.6811, Train Accuracy: 0.8743
Val Loss: 0.8107, Val Accuracy: 0.7415
Learning Rate: 0.000004

Epoch 11/25
Training Loss: 0.6723, Training Accuracy: 0.8790
Validation Loss: 0.8056, Validation Accuracy: 0.7441
Train Loss: 0.6723, Train Accuracy: 0.8790
Val Loss: 0.8056, Val Accuracy: 0.7441
Learning Rate: 0.000004

Epoch 12/25
Training Loss: 0.6642, Training Accuracy: 0.8829
Validation Loss: 0.8093, Validation Accuracy: 0.7452
Train Loss: 0.6642, Train Accuracy: 0.8829
Val Loss: 0.8093, Val Accuracy: 0.7452
Learning Rate: 0.000004

Epoch 13/25
Training Loss: 0.6602, Training Accuracy: 0.8848
Validation Loss: 0.8206, Validation Accuracy: 0.7407
Train Loss: 0.6602, Train Accuracy: 0.8848
Val Loss: 0.8206, Val Accuracy: 0.7407
Learning Rate: 0.000004

Epoch 14/25
Training Loss: 0.6504, Training Accuracy: 0.8894
Validation Loss: 0.8406, Validation Accuracy: 0.7361
Train Loss: 0.6504, Train Accuracy: 0.8894
Val Loss: 0.8406, Val Accuracy: 0.7361
Learning Rate: 0.000004

Epoch 15/25
Training Loss: 0.6458, Training Accuracy: 0.8911
Validation Loss: 0.8510, Validation Accuracy: 0.7338
Train Loss: 0.6458, Train Accuracy: 0.8911
Val Loss: 0.8510, Val Accuracy: 0.7338
Learning Rate: 0.000004

Epoch 16/25
Training Loss: 0.6408, Training Accuracy: 0.8933
Validation Loss: 0.8324, Validation Accuracy: 0.7393
Train Loss: 0.6408, Train Accuracy: 0.8933
Val Loss: 0.8324, Val Accuracy: 0.7393
Learning Rate: 0.000004

Epoch 17/25
Training Loss: 0.6347, Training Accuracy: 0.8963
Validation Loss: 0.8513, Validation Accuracy: 0.7364
Train Loss: 0.6347, Train Accuracy: 0.8963
Val Loss: 0.8513, Val Accuracy: 0.7364
Learning Rate: 0.000004

Epoch 18/25
Training Loss: 0.6292, Training Accuracy: 0.8990
Validation Loss: 0.8773, Validation Accuracy: 0.7281
Train Loss: 0.6292, Train Accuracy: 0.8990
Val Loss: 0.8773, Val Accuracy: 0.7281
Learning Rate: 0.000004

Epoch 19/25
Training Loss: 0.6240, Training Accuracy: 0.9011
Validation Loss: 0.8779, Validation Accuracy: 0.7291
Train Loss: 0.6240, Train Accuracy: 0.9011
Val Loss: 0.8779, Val Accuracy: 0.7291
Learning Rate: 0.000004

Epoch 20/25
Training Loss: 0.6222, Training Accuracy: 0.9021
Validation Loss: 0.8841, Validation Accuracy: 0.7283
Train Loss: 0.6222, Train Accuracy: 0.9021
Val Loss: 0.8841, Val Accuracy: 0.7283
Learning Rate: 0.000004

Epoch 21/25
Training Loss: 0.6178, Training Accuracy: 0.9049
Validation Loss: 0.8880, Validation Accuracy: 0.7307
Train Loss: 0.6178, Train Accuracy: 0.9049
Val Loss: 0.8880, Val Accuracy: 0.7307
Learning Rate: 0.000004

Epoch 22/25
Training Loss: 0.6121, Training Accuracy: 0.9066
Validation Loss: 0.8898, Validation Accuracy: 0.7287
Train Loss: 0.6121, Train Accuracy: 0.9066
Val Loss: 0.8898, Val Accuracy: 0.7287
Learning Rate: 0.000004

Epoch 23/25
Training Loss: 0.6088, Training Accuracy: 0.9078
Validation Loss: 0.8900, Validation Accuracy: 0.7296
Train Loss: 0.6088, Train Accuracy: 0.9078
Val Loss: 0.8900, Val Accuracy: 0.7296
Learning Rate: 0.000004

Epoch 24/25
Training Loss: 0.6050, Training Accuracy: 0.9101
Validation Loss: 0.9199, Validation Accuracy: 0.7197
Train Loss: 0.6050, Train Accuracy: 0.9101
Val Loss: 0.9199, Val Accuracy: 0.7197
Learning Rate: 0.000004

Epoch 25/25
Training Loss: 0.6024, Training Accuracy: 0.9119
Validation Loss: 0.9179, Validation Accuracy: 0.7248
Train Loss: 0.6024, Train Accuracy: 0.9119
Val Loss: 0.9179, Val Accuracy: 0.7248
Learning Rate: 0.000004

Test Results:
Accuracy: 0.7301
ROC AUC: 0.8034
Average Precision: 0.7673
