This job can be monitored from: https://job.c3se.chalmers.se/alvis/3108809
Using device: cuda
Creating train dataset...
Dataset statistics - Mean: [0.49684819 0.38204407 0.33240583], Std: [0.30901513 0.26008384 0.24445895]
Loaded 223286 pairs

Kinship distribution:
1    111643
0    111643
Name: count, dtype: int64
Creating validation dataset...
Dataset statistics - Mean: [0.49684819 0.38204407 0.33240583], Std: [0.30901513 0.26008384 0.24445895]
Loaded 50828 pairs

Kinship distribution:
1    25414
0    25414
Name: count, dtype: int64
Creating test dataset...
Dataset statistics - Mean: [0.49684819 0.38204407 0.33240583], Std: [0.30901513 0.26008384 0.24445895]
Loaded 94476 pairs

Kinship distribution:
1    47238
0    47238
Name: count, dtype: int64
Resuming training from epoch 1

Epoch 2/11
Validation Loss: 0.7131, Validation Accuracy: 0.7325
Train Loss: 0.4712, Train Accuracy: 0.8599
Val Loss: 0.7131, Val Accuracy: 0.7325
Learning Rate: 0.000008

Epoch 3/11
Validation Loss: 0.6795, Validation Accuracy: 0.7408
Train Loss: 0.4419, Train Accuracy: 0.8796
Val Loss: 0.6795, Val Accuracy: 0.7408
Learning Rate: 0.000008

Epoch 4/11
Validation Loss: 0.7155, Validation Accuracy: 0.7260
Train Loss: 0.4207, Train Accuracy: 0.8952
Val Loss: 0.7155, Val Accuracy: 0.7260
Learning Rate: 0.000008

Epoch 5/11
Validation Loss: 0.7774, Validation Accuracy: 0.7059
Train Loss: 0.4045, Train Accuracy: 0.9059
Val Loss: 0.7774, Val Accuracy: 0.7059
Learning Rate: 0.000008

Epoch 6/11
Validation Loss: 0.8254, Validation Accuracy: 0.6843
Train Loss: 0.3928, Train Accuracy: 0.9144
Val Loss: 0.8254, Val Accuracy: 0.6843
Learning Rate: 0.000008

Epoch 7/11
Validation Loss: 0.8648, Validation Accuracy: 0.6845
Train Loss: 0.3840, Train Accuracy: 0.9204
Val Loss: 0.8648, Val Accuracy: 0.6845
Learning Rate: 0.000008

Epoch 8/11
Validation Loss: 0.8566, Validation Accuracy: 0.6761
Train Loss: 0.3746, Train Accuracy: 0.9266
Val Loss: 0.8566, Val Accuracy: 0.6761
Learning Rate: 0.000008

Epoch 9/11
Validation Loss: 0.8740, Validation Accuracy: 0.6809
Train Loss: 0.3647, Train Accuracy: 0.9332
Val Loss: 0.8740, Val Accuracy: 0.6809
Learning Rate: 0.000008

Epoch 10/11
Validation Loss: 0.9030, Validation Accuracy: 0.6733
Train Loss: 0.3571, Train Accuracy: 0.9379
Val Loss: 0.9030, Val Accuracy: 0.6733
Learning Rate: 0.000008

Early stopping triggered after 10 epochs
