This job can be monitored from: https://grafana.c3se.chalmers.se/d/gpu-job/gpu-job?var-jobid=3145776&from=1732027011000
Validating 111643 image triplets...
Found 111643 valid triplets
Validating 25414 image triplets...
Found 25414 valid triplets
Model initialized with feature size: 25088
Loading pretrained weights from /cephyr/users/mehdiyev/Alvis/kinship_project/src/pretrained_models/cosface_backbone_r50.pth

Analyzing architecture differences:

Missing keys in pretrained weights:
  layer_norm.bias: torch.Size([512])
  layer_norm.weight: torch.Size([512])

Extra keys in pretrained weights:

Shape mismatches:
Missing keys after loading: 2
First few missing keys: ['layer_norm.weight', 'layer_norm.bias']
Successfully loaded pretrained weights

Epoch 1/10
Train Loss: 0.1701 Train Acc: 0.8705
Val Loss: 0.2464 Val Acc: 0.7210

Epoch 2/10
Train Loss: 0.0287 Train Acc: 0.9814
Val Loss: 0.3742 Val Acc: 0.7065

Epoch 3/10
Train Loss: 0.0088 Train Acc: 0.9963
Val Loss: 0.3568 Val Acc: 0.7246

Epoch 4/10
Train Loss: 0.0058 Train Acc: 0.9981
Val Loss: 0.3662 Val Acc: 0.7274

Epoch 5/10
Train Loss: 0.0045 Train Acc: 0.9986
Val Loss: 0.3767 Val Acc: 0.7307

Epoch 6/10
Train Loss: 0.0030 Train Acc: 0.9992
Val Loss: 0.3793 Val Acc: 0.7295
Early stopping triggered!
