This job can be monitored from: https://grafana.c3se.chalmers.se/d/gpu-job/gpu-job?var-jobid=3302402&from=1734370413000

Dataset sizes:
Train: 123041 triplets (246082 pairs - balanced)
Val: 26410 triplets (52820 pairs - balanced)
Test: 26229 triplets (52458 pairs - balanced)

Evaluating model before training:

Initial Performance:
Validation - Accuracy: 0.7915, AUC: 0.8707
Test - Accuracy: 0.7653, AUC: 0.8399
Initial best threshold: 0.0600

Epoch 1 Summary:
Training - Loss: 0.3936, Acc: 0.7853, AUC: 0.8652
Validation - Acc: 0.7850, AUC: 0.8620
Current threshold: 0.0600, New threshold: 0.0600

Epoch 2 Summary:
Training - Loss: 0.3922, Acc: 0.7879, AUC: 0.8683
Validation - Acc: 0.7863, AUC: 0.8635
Current threshold: 0.0600, New threshold: 0.0700

Epoch 3 Summary:
Training - Loss: 0.3884, Acc: 0.7961, AUC: 0.8752
Validation - Acc: 0.7884, AUC: 0.8644
Current threshold: 0.0600, New threshold: 0.0600

Epoch 4 Summary:
Training - Loss: 0.3818, Acc: 0.8080, AUC: 0.8860
Validation - Acc: 0.7898, AUC: 0.8663
Current threshold: 0.0600, New threshold: 0.0600

Epoch 5 Summary:
Training - Loss: 0.3728, Acc: 0.8189, AUC: 0.8966
Validation - Acc: 0.7918, AUC: 0.8691
Current threshold: 0.0600, New threshold: 0.0600
New best threshold: 0.0600 with accuracy: 0.7918
Saved new best model with validation accuracy: 0.7918

Epoch 6 Summary:
Training - Loss: 0.3610, Acc: 0.8287, AUC: 0.9075
Validation - Acc: 0.7943, AUC: 0.8717
Current threshold: 0.0600, New threshold: 0.0600
New best threshold: 0.0600 with accuracy: 0.7943
Saved new best model with validation accuracy: 0.7943

Epoch 7 Summary:
Training - Loss: 0.3474, Acc: 0.8369, AUC: 0.9165
Validation - Acc: 0.7979, AUC: 0.8750
Current threshold: 0.0600, New threshold: 0.0700
New best threshold: 0.0700 with accuracy: 0.7979
Saved new best model with validation accuracy: 0.7979

Epoch 8 Summary:
Training - Loss: 0.3318, Acc: 0.8486, AUC: 0.9253
Validation - Acc: 0.7997, AUC: 0.8761
Current threshold: 0.0700, New threshold: 0.0700
New best threshold: 0.0700 with accuracy: 0.7997
Saved new best model with validation accuracy: 0.7997

Epoch 9 Summary:
Training - Loss: 0.3146, Acc: 0.8546, AUC: 0.9327
Validation - Acc: 0.7997, AUC: 0.8768
Current threshold: 0.0700, New threshold: 0.0800
New best threshold: 0.0800 with accuracy: 0.7997
Saved new best model with validation accuracy: 0.7997

Epoch 10 Summary:
Training - Loss: 0.2967, Acc: 0.8620, AUC: 0.9379
Validation - Acc: 0.7985, AUC: 0.8737
Current threshold: 0.0800, New threshold: 0.0800

Epoch 11 Summary:
Training - Loss: 0.2780, Acc: 0.8647, AUC: 0.9414
Validation - Acc: 0.7939, AUC: 0.8665
Current threshold: 0.0800, New threshold: 0.0800

Epoch 12 Summary:
Training - Loss: 0.2590, Acc: 0.8622, AUC: 0.9425
Validation - Acc: 0.7876, AUC: 0.8588
Current threshold: 0.0800, New threshold: 0.0800

Epoch 13 Summary:
Training - Loss: 0.2398, Acc: 0.8574, AUC: 0.9420
Validation - Acc: 0.7772, AUC: 0.8469
Current threshold: 0.0800, New threshold: 0.0900

Epoch 14 Summary:
Training - Loss: 0.2202, Acc: 0.8505, AUC: 0.9412
Validation - Acc: 0.7739, AUC: 0.8431
Current threshold: 0.0800, New threshold: 0.0900

Epoch 15 Summary:
Training - Loss: 0.2007, Acc: 0.8406, AUC: 0.9397
Validation - Acc: 0.7659, AUC: 0.8352
Current threshold: 0.0800, New threshold: 0.1000

Training completed! Best validation metrics:
Accuracy: 0.7997
AUC: 0.8768
At epoch: 8

Final Test Set Results:
Accuracy: 0.7525
AUC: 0.8230
Best Threshold: 0.1000
[1;34mwandb[0m: 🚀 View run [33mlyric-bee-1[0m at: [34mhttps://wandb.ai/samirmehd1yev-uppsala-universitet/kinship-verification-contrastive/runs/3bk025zt[0m
[1;34mwandb[0m: Find logs at: [1;35mwandb/run-20241216_183353-3bk025zt/logs[0m
